<?xml version="1.0" encoding="UTF-8"?>
<testng-results ignored="0" total="1" passed="1" failed="0" skipped="0">
  <reporter-output>
  </reporter-output>
  <suite started-at="2023-06-15T14:17:46 IST" name="Default suite" finished-at="2023-06-15T14:18:00 IST" duration-ms="13670">
    <groups>
    </groups>
    <test started-at="2023-06-15T14:17:46 IST" name="Default test" finished-at="2023-06-15T14:18:00 IST" duration-ms="13670">
      <class name="SimplyFI_Scripts.SecondScript">
        <test-method is-config="true" signature="lauchBrpwser()[pri:0, instance:SimplyFI_Scripts.SecondScript@202b0582]" started-at="2023-06-15T14:17:46 IST" name="lauchBrpwser" finished-at="2023-06-15T14:17:51 IST" duration-ms="4450" status="PASS">
          <reporter-output>
          </reporter-output>
        </test-method> <!-- lauchBrpwser -->
        <test-method is-config="true" signature="LoginToApp()[pri:0, instance:SimplyFI_Scripts.SecondScript@202b0582]" started-at="2023-06-15T14:17:51 IST" name="LoginToApp" finished-at="2023-06-15T14:17:58 IST" duration-ms="7717" status="PASS">
          <reporter-output>
          </reporter-output>
        </test-method> <!-- LoginToApp -->
        <test-method signature="secondscript()[pri:0, instance:SimplyFI_Scripts.SecondScript@202b0582]" started-at="2023-06-15T14:17:58 IST" name="secondscript" finished-at="2023-06-15T14:18:00 IST" duration-ms="1419" status="PASS">
          <reporter-output>
          </reporter-output>
        </test-method> <!-- secondscript -->
      </class> <!-- SimplyFI_Scripts.SecondScript -->
    </test> <!-- Default test -->
  </suite> <!-- Default suite -->
</testng-results>
